countryAPI.py executed
Date:2018-11-20 22:52:32.238656/
STATUS:200
Country code :US
Returned country capital :Washington
Returned country currency :USD
-------------------------------------------
countryAPI.py executed
Date:2018-11-20 23:04:49.455566/
STATUS:200
Country code :US
Returned country capital :Washington
Returned country currency :USD
-------------------------------------------
countryAPI.py executed
Date:2018-11-20 23:06:30.971105/
STATUS:200
Country code :US
Returned country capital :Washington
Returned country currency :USD
-------------------------------------------
countryAPI.py executed
Date:2018-11-20 23:12:08.901665/
STATUS:200
Country code :US
Returned country capital :Washington
Returned country currency :USD
-------------------------------------------
countryAPI.py executed
Date:2018-11-20 23:18:06.250829/
STATUS:200
Country code :US
Returned country capital :Washington
Returned country currency :USD
-------------------------------------------
