FootballDatabase.py executed
Date:2018-11-20 22:50:45.282276/
STATUS:200
Selected Team:chelsea
Returned stadium location:Fulham, London
-------------------------------------------
FootballDatabase.py executed
Date:2018-11-20 22:52:06.349448/
STATUS:200
Selected Team:chelsea
Returned stadium location:Fulham, London
-------------------------------------------
FootballDatabase.py executed
Date:2018-11-20 22:52:31.691271/
STATUS:200
Selected Team:chelsea
Returned stadium location:Fulham, London
-------------------------------------------
FootballDatabase.py executed
Date:2018-11-20 23:04:48.801486/
STATUS:200
Selected Team:chelsea
Returned stadium location:Fulham, London
-------------------------------------------
FootballDatabase.py executed
Date:2018-11-20 23:06:30.301957/
STATUS:200
Selected Team:chelsea
Returned stadium location:Fulham, London
-------------------------------------------
FootballDatabase.py executed
Date:2018-11-20 23:12:08.226340/
STATUS:200
Selected Team:chelsea
Returned stadium location:Fulham, London
-------------------------------------------
FootballDatabase.py executed
Date:2018-11-20 23:18:05.713796/
STATUS:200
Selected Team:chelsea
Returned stadium location:Fulham, London
-------------------------------------------
